{"contracts/mock/RejectEther.sol":{"l":{"11":1,"15":1},"path":"/Users/pascal/Documents/defi_cw_test/github/defi-cw1/contracts/mock/RejectEther.sol","s":{"1":1},"b":{},"f":{"1":1},"fnMap":{"1":{"name":"bidOn","line":14,"loc":{"start":{"line":14,"column":4},"end":{"line":16,"column":4}}}},"statementMap":{"1":{"start":{"line":15,"column":8},"end":{"line":15,"column":53}}},"branchMap":{}},"contracts/PokemonCard.sol":{"l":{"41":31,"43":31,"44":31,"47":31,"49":31,"59":0},"path":"/Users/pascal/Documents/defi_cw_test/github/defi-cw1/contracts/PokemonCard.sol","s":{"1":31,"2":31,"3":31,"4":31,"5":0},"b":{"1":[31,1]},"f":{"1":31,"2":31,"3":0},"fnMap":{"1":{"name":"constructor","line":23,"loc":{"start":{"line":23,"column":4},"end":{"line":23,"column":68}}},"2":{"name":"safeMint","line":40,"loc":{"start":{"line":34,"column":4},"end":{"line":50,"column":4}}},"3":{"name":"supportsInterface","line":53,"loc":{"start":{"line":53,"column":4},"end":{"line":60,"column":4}}}},"statementMap":{"1":{"start":{"line":41,"column":8},"end":{"line":41,"column":40}},"2":{"start":{"line":43,"column":8},"end":{"line":43,"column":29}},"3":{"start":{"line":44,"column":8},"end":{"line":44,"column":38}},"4":{"start":{"line":49,"column":8},"end":{"line":49,"column":51}},"5":{"start":{"line":59,"column":8},"end":{"line":59,"column":51}}},"branchMap":{"1":{"line":40,"type":"if","locations":[{"start":{"line":40,"column":13},"end":{"line":40,"column":13}},{"start":{"line":40,"column":13},"end":{"line":40,"column":13}}]}}},"contracts/PokemonMarketplace.sol":{"l":{"56":29,"59":1,"63":1,"77":18,"80":17,"82":16,"84":16,"94":16,"101":7,"102":7,"103":5,"104":4,"106":3,"109":3,"110":3,"113":3,"115":3,"122":13,"123":13,"124":12,"125":12,"127":8,"128":8,"131":8,"132":8,"135":8,"136":3,"137":3,"139":1,"143":8,"150":3,"151":3,"152":3,"154":2,"156":2,"158":1,"159":1,"160":0,"163":1,"164":1,"167":1,"175":3,"176":3,"178":0,"180":0,"181":0,"188":2,"189":2,"190":2,"192":1,"193":0,"196":1,"197":1,"198":1,"214":8,"217":7,"218":8,"221":7,"229":7,"230":7,"237":5,"238":5,"241":4,"242":1,"246":3,"247":3,"251":3,"252":3,"255":3,"256":3,"263":3,"264":3,"265":2,"268":1,"269":1,"272":1,"273":1,"281":0},"path":"/Users/pascal/Documents/defi_cw_test/github/defi-cw1/contracts/PokemonMarketplace.sol","s":{"1":1,"2":1,"3":18,"4":17,"5":16,"6":16,"7":7,"8":7,"9":5,"10":4,"11":3,"12":3,"13":3,"14":3,"15":13,"16":13,"17":12,"18":12,"19":8,"20":8,"21":8,"22":3,"23":3,"24":8,"25":3,"26":3,"27":3,"28":2,"29":1,"30":1,"31":1,"32":1,"33":1,"34":3,"35":3,"36":0,"37":0,"38":2,"39":2,"40":2,"41":1,"42":0,"43":1,"44":1,"45":8,"46":7,"47":8,"48":7,"49":5,"50":5,"51":4,"52":1,"53":3,"54":3,"55":3,"56":3,"57":3,"58":3,"59":3,"60":2,"61":1,"62":1,"63":1,"64":0},"b":{"1":[1,1],"2":[1,0],"3":[19,0],"4":[18,1],"5":[17,1],"6":[7,9],"7":[7,0],"8":[7,0],"9":[5,2],"10":[4,1],"11":[3,1],"12":[3,0],"13":[13,0],"14":[13,0],"15":[12,1],"16":[12,0],"17":[8,4],"18":[3,5],"19":[1,2],"20":[3,0],"21":[3,0],"22":[3,0],"23":[2,1],"24":[1,1],"25":[0,1],"26":[3,0],"27":[3,0],"28":[0,3],"29":[0,0],"30":[2,0],"31":[2,0],"32":[2,0],"33":[1,1],"34":[0,1],"35":[0,0],"36":[8,0],"37":[8,0],"38":[7,1],"39":[7,0],"40":[5,0],"41":[5,0],"42":[4,1],"43":[1,3],"44":[0,1],"45":[3,0],"46":[3,0],"47":[2,1],"48":[1,1]},"f":{"1":29,"2":1,"3":1,"4":18,"5":7,"6":13,"7":3,"8":3,"9":2,"10":8,"11":5,"12":3,"13":0},"fnMap":{"1":{"name":"constructor","line":55,"loc":{"start":{"line":55,"column":4},"end":{"line":57,"column":0}}},"2":{"name":"pause","line":58,"loc":{"start":{"line":58,"column":0},"end":{"line":60,"column":0}}},"3":{"name":"unpause","line":62,"loc":{"start":{"line":62,"column":0},"end":{"line":64,"column":0}}},"4":{"name":"listCard","line":76,"loc":{"start":{"line":76,"column":4},"end":{"line":95,"column":4}}},"5":{"name":"buyCard","line":100,"loc":{"start":{"line":100,"column":4},"end":{"line":116,"column":4}}},"6":{"name":"bid","line":121,"loc":{"start":{"line":121,"column":4},"end":{"line":144,"column":4}}},"7":{"name":"endAuction","line":149,"loc":{"start":{"line":149,"column":4},"end":{"line":169,"column":4}}},"8":{"name":"withdraw","line":174,"loc":{"start":{"line":174,"column":4},"end":{"line":182,"column":4}}},"9":{"name":"cancelListing","line":187,"loc":{"start":{"line":187,"column":4},"end":{"line":199,"column":4}}},"10":{"name":"createSwapOffer","line":213,"loc":{"start":{"line":209,"column":4},"end":{"line":231,"column":4}}},"11":{"name":"executeSwap","line":236,"loc":{"start":{"line":236,"column":4},"end":{"line":257,"column":4}}},"12":{"name":"cancelSwap","line":262,"loc":{"start":{"line":262,"column":4},"end":{"line":274,"column":4}}},"13":{"name":"getSwapOffer","line":280,"loc":{"start":{"line":280,"column":4},"end":{"line":282,"column":4}}}},"statementMap":{"1":{"start":{"line":59,"column":4},"end":{"line":59,"column":11}},"2":{"start":{"line":63,"column":4},"end":{"line":63,"column":13}},"3":{"start":{"line":77,"column":8},"end":{"line":77,"column":46}},"4":{"start":{"line":80,"column":8},"end":{"line":80,"column":67}},"5":{"start":{"line":82,"column":8},"end":{"line":82,"column":77}},"6":{"start":{"line":94,"column":8},"end":{"line":94,"column":62}},"7":{"start":{"line":101,"column":8},"end":{"line":101,"column":51}},"8":{"start":{"line":102,"column":8},"end":{"line":102,"column":44}},"9":{"start":{"line":103,"column":8},"end":{"line":103,"column":51}},"10":{"start":{"line":104,"column":8},"end":{"line":104,"column":61}},"11":{"start":{"line":109,"column":8},"end":{"line":109,"column":77}},"12":{"start":{"line":110,"column":8},"end":{"line":110,"column":42}},"13":{"start":{"line":113,"column":8},"end":{"line":113,"column":67}},"14":{"start":{"line":115,"column":8},"end":{"line":115,"column":53}},"15":{"start":{"line":122,"column":8},"end":{"line":122,"column":51}},"16":{"start":{"line":123,"column":8},"end":{"line":123,"column":76}},"17":{"start":{"line":124,"column":8},"end":{"line":124,"column":66}},"18":{"start":{"line":125,"column":8},"end":{"line":125,"column":90}},"19":{"start":{"line":127,"column":8},"end":{"line":127,"column":54}},"20":{"start":{"line":128,"column":8},"end":{"line":128,"column":48}},"21":{"start":{"line":135,"column":8},"end":{"line":135,"column":4799}},"22":{"start":{"line":136,"column":12},"end":{"line":136,"column":83}},"23":{"start":{"line":137,"column":12},"end":{"line":137,"column":4936}},"24":{"start":{"line":143,"column":8},"end":{"line":143,"column":51}},"25":{"start":{"line":150,"column":8},"end":{"line":150,"column":51}},"26":{"start":{"line":151,"column":8},"end":{"line":151,"column":73}},"27":{"start":{"line":152,"column":8},"end":{"line":152,"column":69}},"28":{"start":{"line":156,"column":8},"end":{"line":156,"column":5578}},"29":{"start":{"line":158,"column":12},"end":{"line":158,"column":90}},"30":{"start":{"line":159,"column":12},"end":{"line":159,"column":5796}},"31":{"start":{"line":163,"column":12},"end":{"line":163,"column":82}},"32":{"start":{"line":164,"column":12},"end":{"line":164,"column":81}},"33":{"start":{"line":167,"column":12},"end":{"line":167,"column":75}},"34":{"start":{"line":175,"column":8},"end":{"line":175,"column":55}},"35":{"start":{"line":176,"column":8},"end":{"line":176,"column":50}},"36":{"start":{"line":180,"column":8},"end":{"line":180,"column":70}},"37":{"start":{"line":181,"column":8},"end":{"line":181,"column":42}},"38":{"start":{"line":188,"column":8},"end":{"line":188,"column":51}},"39":{"start":{"line":189,"column":8},"end":{"line":189,"column":44}},"40":{"start":{"line":190,"column":8},"end":{"line":190,"column":58}},"41":{"start":{"line":192,"column":8},"end":{"line":192,"column":6959}},"42":{"start":{"line":193,"column":12},"end":{"line":193,"column":78}},"43":{"start":{"line":197,"column":8},"end":{"line":197,"column":67}},"44":{"start":{"line":198,"column":8},"end":{"line":198,"column":50}},"45":{"start":{"line":214,"column":8},"end":{"line":214,"column":109}},"46":{"start":{"line":217,"column":8},"end":{"line":217,"column":7875}},"47":{"start":{"line":218,"column":12},"end":{"line":218,"column":83}},"48":{"start":{"line":229,"column":8},"end":{"line":229,"column":100}},"49":{"start":{"line":237,"column":8},"end":{"line":237,"column":52}},"50":{"start":{"line":238,"column":8},"end":{"line":238,"column":47}},"51":{"start":{"line":241,"column":8},"end":{"line":241,"column":8694}},"52":{"start":{"line":242,"column":12},"end":{"line":242,"column":81}},"53":{"start":{"line":246,"column":8},"end":{"line":246,"column":8895}},"54":{"start":{"line":247,"column":12},"end":{"line":247,"column":86}},"55":{"start":{"line":251,"column":8},"end":{"line":251,"column":9123}},"56":{"start":{"line":252,"column":12},"end":{"line":252,"column":88}},"57":{"start":{"line":256,"column":8},"end":{"line":256,"column":46}},"58":{"start":{"line":263,"column":8},"end":{"line":263,"column":52}},"59":{"start":{"line":264,"column":8},"end":{"line":264,"column":47}},"60":{"start":{"line":265,"column":8},"end":{"line":265,"column":64}},"61":{"start":{"line":268,"column":8},"end":{"line":268,"column":9751}},"62":{"start":{"line":269,"column":12},"end":{"line":269,"column":88}},"63":{"start":{"line":273,"column":8},"end":{"line":273,"column":34}},"64":{"start":{"line":281,"column":8},"end":{"line":281,"column":34}}},"branchMap":{"1":{"line":58,"type":"if","locations":[{"start":{"line":58,"column":26},"end":{"line":58,"column":26}},{"start":{"line":58,"column":26},"end":{"line":58,"column":26}}]},"2":{"line":62,"type":"if","locations":[{"start":{"line":62,"column":28},"end":{"line":62,"column":28}},{"start":{"line":62,"column":28},"end":{"line":62,"column":28}}]},"3":{"line":76,"type":"if","locations":[{"start":{"line":76,"column":106},"end":{"line":76,"column":106}},{"start":{"line":76,"column":106},"end":{"line":76,"column":106}}]},"4":{"line":76,"type":"if","locations":[{"start":{"line":76,"column":119},"end":{"line":76,"column":119}},{"start":{"line":76,"column":119},"end":{"line":76,"column":119}}]},"5":{"line":77,"type":"if","locations":[{"start":{"line":77,"column":8},"end":{"line":77,"column":8}},{"start":{"line":77,"column":8},"end":{"line":77,"column":8}}]},"6":{"line":82,"type":"if","locations":[{"start":{"line":82,"column":38},"end":{"line":82,"column":72}},{"start":{"line":82,"column":76},"end":{"line":82,"column":76}}]},"7":{"line":100,"type":"if","locations":[{"start":{"line":100,"column":55},"end":{"line":100,"column":55}},{"start":{"line":100,"column":55},"end":{"line":100,"column":55}}]},"8":{"line":100,"type":"if","locations":[{"start":{"line":100,"column":68},"end":{"line":100,"column":68}},{"start":{"line":100,"column":68},"end":{"line":100,"column":68}}]},"9":{"line":102,"type":"if","locations":[{"start":{"line":102,"column":8},"end":{"line":102,"column":8}},{"start":{"line":102,"column":8},"end":{"line":102,"column":8}}]},"10":{"line":103,"type":"if","locations":[{"start":{"line":103,"column":8},"end":{"line":103,"column":8}},{"start":{"line":103,"column":8},"end":{"line":103,"column":8}}]},"11":{"line":104,"type":"if","locations":[{"start":{"line":104,"column":8},"end":{"line":104,"column":8}},{"start":{"line":104,"column":8},"end":{"line":104,"column":8}}]},"12":{"line":110,"type":"if","locations":[{"start":{"line":110,"column":8},"end":{"line":110,"column":8}},{"start":{"line":110,"column":8},"end":{"line":110,"column":8}}]},"13":{"line":121,"type":"if","locations":[{"start":{"line":121,"column":51},"end":{"line":121,"column":51}},{"start":{"line":121,"column":51},"end":{"line":121,"column":51}}]},"14":{"line":121,"type":"if","locations":[{"start":{"line":121,"column":64},"end":{"line":121,"column":64}},{"start":{"line":121,"column":64},"end":{"line":121,"column":64}}]},"15":{"line":123,"type":"if","locations":[{"start":{"line":123,"column":8},"end":{"line":123,"column":8}},{"start":{"line":123,"column":8},"end":{"line":123,"column":8}}]},"16":{"line":124,"type":"if","locations":[{"start":{"line":124,"column":8},"end":{"line":124,"column":8}},{"start":{"line":124,"column":8},"end":{"line":124,"column":8}}]},"17":{"line":125,"type":"if","locations":[{"start":{"line":125,"column":8},"end":{"line":125,"column":8}},{"start":{"line":125,"column":8},"end":{"line":125,"column":8}}]},"18":{"line":135,"type":"if","locations":[{"start":{"line":135,"column":8},"end":{"line":135,"column":8}},{"start":{"line":135,"column":8},"end":{"line":135,"column":8}}]},"19":{"line":137,"type":"if","locations":[{"start":{"line":137,"column":12},"end":{"line":137,"column":12}},{"start":{"line":137,"column":12},"end":{"line":137,"column":12}}]},"20":{"line":149,"type":"if","locations":[{"start":{"line":149,"column":50},"end":{"line":149,"column":50}},{"start":{"line":149,"column":50},"end":{"line":149,"column":50}}]},"21":{"line":149,"type":"if","locations":[{"start":{"line":149,"column":63},"end":{"line":149,"column":63}},{"start":{"line":149,"column":63},"end":{"line":149,"column":63}}]},"22":{"line":151,"type":"if","locations":[{"start":{"line":151,"column":8},"end":{"line":151,"column":8}},{"start":{"line":151,"column":8},"end":{"line":151,"column":8}}]},"23":{"line":152,"type":"if","locations":[{"start":{"line":152,"column":8},"end":{"line":152,"column":8}},{"start":{"line":152,"column":8},"end":{"line":152,"column":8}}]},"24":{"line":156,"type":"if","locations":[{"start":{"line":156,"column":8},"end":{"line":156,"column":8}},{"start":{"line":156,"column":8},"end":{"line":156,"column":8}}]},"25":{"line":159,"type":"if","locations":[{"start":{"line":159,"column":12},"end":{"line":159,"column":12}},{"start":{"line":159,"column":12},"end":{"line":159,"column":12}}]},"26":{"line":174,"type":"if","locations":[{"start":{"line":174,"column":33},"end":{"line":174,"column":33}},{"start":{"line":174,"column":33},"end":{"line":174,"column":33}}]},"27":{"line":174,"type":"if","locations":[{"start":{"line":174,"column":46},"end":{"line":174,"column":46}},{"start":{"line":174,"column":46},"end":{"line":174,"column":46}}]},"28":{"line":176,"type":"if","locations":[{"start":{"line":176,"column":8},"end":{"line":176,"column":8}},{"start":{"line":176,"column":8},"end":{"line":176,"column":8}}]},"29":{"line":181,"type":"if","locations":[{"start":{"line":181,"column":8},"end":{"line":181,"column":8}},{"start":{"line":181,"column":8},"end":{"line":181,"column":8}}]},"30":{"line":187,"type":"if","locations":[{"start":{"line":187,"column":53},"end":{"line":187,"column":53}},{"start":{"line":187,"column":53},"end":{"line":187,"column":53}}]},"31":{"line":187,"type":"if","locations":[{"start":{"line":187,"column":66},"end":{"line":187,"column":66}},{"start":{"line":187,"column":66},"end":{"line":187,"column":66}}]},"32":{"line":189,"type":"if","locations":[{"start":{"line":189,"column":8},"end":{"line":189,"column":8}},{"start":{"line":189,"column":8},"end":{"line":189,"column":8}}]},"33":{"line":190,"type":"if","locations":[{"start":{"line":190,"column":8},"end":{"line":190,"column":8}},{"start":{"line":190,"column":8},"end":{"line":190,"column":8}}]},"34":{"line":192,"type":"if","locations":[{"start":{"line":192,"column":8},"end":{"line":192,"column":8}},{"start":{"line":192,"column":8},"end":{"line":192,"column":8}}]},"35":{"line":193,"type":"if","locations":[{"start":{"line":193,"column":12},"end":{"line":193,"column":12}},{"start":{"line":193,"column":12},"end":{"line":193,"column":12}}]},"36":{"line":213,"type":"if","locations":[{"start":{"line":213,"column":15},"end":{"line":213,"column":15}},{"start":{"line":213,"column":15},"end":{"line":213,"column":15}}]},"37":{"line":213,"type":"if","locations":[{"start":{"line":213,"column":28},"end":{"line":213,"column":28}},{"start":{"line":213,"column":28},"end":{"line":213,"column":28}}]},"38":{"line":214,"type":"if","locations":[{"start":{"line":214,"column":8},"end":{"line":214,"column":8}},{"start":{"line":214,"column":8},"end":{"line":214,"column":8}}]},"39":{"line":214,"type":"cond-expr","locations":[{"start":{"line":214,"column":16},"end":{"line":214,"column":42}},{"start":{"line":214,"column":47},"end":{"line":214,"column":73}}]},"40":{"line":236,"type":"if","locations":[{"start":{"line":236,"column":50},"end":{"line":236,"column":50}},{"start":{"line":236,"column":50},"end":{"line":236,"column":50}}]},"41":{"line":236,"type":"if","locations":[{"start":{"line":236,"column":63},"end":{"line":236,"column":63}},{"start":{"line":236,"column":63},"end":{"line":236,"column":63}}]},"42":{"line":238,"type":"if","locations":[{"start":{"line":238,"column":8},"end":{"line":238,"column":8}},{"start":{"line":238,"column":8},"end":{"line":238,"column":8}}]},"43":{"line":241,"type":"if","locations":[{"start":{"line":241,"column":8},"end":{"line":241,"column":8}},{"start":{"line":241,"column":8},"end":{"line":241,"column":8}}]},"44":{"line":242,"type":"if","locations":[{"start":{"line":242,"column":12},"end":{"line":242,"column":12}},{"start":{"line":242,"column":12},"end":{"line":242,"column":12}}]},"45":{"line":262,"type":"if","locations":[{"start":{"line":262,"column":49},"end":{"line":262,"column":49}},{"start":{"line":262,"column":49},"end":{"line":262,"column":49}}]},"46":{"line":262,"type":"if","locations":[{"start":{"line":262,"column":62},"end":{"line":262,"column":62}},{"start":{"line":262,"column":62},"end":{"line":262,"column":62}}]},"47":{"line":264,"type":"if","locations":[{"start":{"line":264,"column":8},"end":{"line":264,"column":8}},{"start":{"line":264,"column":8},"end":{"line":264,"column":8}}]},"48":{"line":265,"type":"if","locations":[{"start":{"line":265,"column":8},"end":{"line":265,"column":8}},{"start":{"line":265,"column":8},"end":{"line":265,"column":8}}]}}}}